

Started GET "/" for 127.0.0.1 at 2014-03-06 13:51:21 +0800
Processing by Rails::WelcomeController#index as HTML
  Rendered /home/gyg/.rvm/gems/ruby-2.0.0-p0/gems/railties-4.0.0/lib/rails/templates/rails/welcome/index.html.erb (2.9ms)
Completed 200 OK in 28ms (Views: 27.6ms | ActiveRecord: 0.0ms)


Started GET "/favicon.ico" for 127.0.0.1 at 2014-03-06 13:51:22 +0800

ActionController::RoutingError (No route matches [GET] "/favicon.ico"):
  actionpack (4.0.0) lib/action_dispatch/middleware/debug_exceptions.rb:21:in `call'
  actionpack (4.0.0) lib/action_dispatch/middleware/show_exceptions.rb:30:in `call'
  railties (4.0.0) lib/rails/rack/logger.rb:38:in `call_app'
  railties (4.0.0) lib/rails/rack/logger.rb:21:in `block in call'
  activesupport (4.0.0) lib/active_support/tagged_logging.rb:67:in `block in tagged'
  activesupport (4.0.0) lib/active_support/tagged_logging.rb:25:in `tagged'
  activesupport (4.0.0) lib/active_support/tagged_logging.rb:67:in `tagged'
  railties (4.0.0) lib/rails/rack/logger.rb:21:in `call'
  actionpack (4.0.0) lib/action_dispatch/middleware/request_id.rb:21:in `call'
  rack (1.5.2) lib/rack/methodoverride.rb:21:in `call'
  rack (1.5.2) lib/rack/runtime.rb:17:in `call'
  activesupport (4.0.0) lib/active_support/cache/strategy/local_cache.rb:83:in `call'
  rack (1.5.2) lib/rack/lock.rb:17:in `call'
  actionpack (4.0.0) lib/action_dispatch/middleware/static.rb:64:in `call'
  railties (4.0.0) lib/rails/engine.rb:511:in `call'
  railties (4.0.0) lib/rails/application.rb:97:in `call'
  rack (1.5.2) lib/rack/lock.rb:17:in `call'
  rack (1.5.2) lib/rack/content_length.rb:14:in `call'
  rack (1.5.2) lib/rack/handler/webrick.rb:60:in `service'
  /home/gyg/.rvm/rubies/ruby-2.0.0-p0/lib/ruby/2.0.0/webrick/httpserver.rb:138:in `service'
  /home/gyg/.rvm/rubies/ruby-2.0.0-p0/lib/ruby/2.0.0/webrick/httpserver.rb:94:in `run'
  /home/gyg/.rvm/rubies/ruby-2.0.0-p0/lib/ruby/2.0.0/webrick/server.rb:295:in `block in start_thread'


  Rendered /home/gyg/.rvm/gems/ruby-2.0.0-p0/gems/actionpack-4.0.0/lib/action_dispatch/middleware/templates/rescues/_trace.erb (2.1ms)
  Rendered /home/gyg/.rvm/gems/ruby-2.0.0-p0/gems/actionpack-4.0.0/lib/action_dispatch/middleware/templates/routes/_table.html.erb (5.7ms)
  Rendered /home/gyg/.rvm/gems/ruby-2.0.0-p0/gems/actionpack-4.0.0/lib/action_dispatch/middleware/templates/rescues/routing_error.erb within rescues/layout (25.9ms)


Started GET "/" for 127.0.0.1 at 2014-03-06 13:52:18 +0800
Processing by Rails::WelcomeController#index as HTML
  Rendered /home/gyg/.rvm/gems/ruby-2.0.0-p0/gems/railties-4.0.0/lib/rails/templates/rails/welcome/index.html.erb (2.4ms)
Completed 200 OK in 11ms (Views: 10.5ms | ActiveRecord: 0.0ms)
  [1m[36m (140.2ms)[0m  [1mCREATE TABLE "schema_migrations" ("version" varchar(255) NOT NULL) [0m
  [1m[35m (121.4ms)[0m  CREATE UNIQUE INDEX "unique_schema_migrations" ON "schema_migrations" ("version")
  [1m[36mActiveRecord::SchemaMigration Load (0.4ms)[0m  [1mSELECT "schema_migrations".* FROM "schema_migrations"[0m
Migrating to CreateUsers (20140306055518)
  [1m[35m (0.2ms)[0m  begin transaction
  [1m[36m (0.7ms)[0m  [1mCREATE TABLE "users" ("id" INTEGER PRIMARY KEY AUTOINCREMENT NOT NULL, "date_of_birth" date, "created_at" datetime, "updated_at" datetime) [0m
  [1m[35mSQL (0.4ms)[0m  INSERT INTO "schema_migrations" ("version") VALUES (?)  [["version", "20140306055518"]]
  [1m[36m (125.4ms)[0m  [1mcommit transaction[0m
  [1m[35mActiveRecord::SchemaMigration Load (0.2ms)[0m  SELECT "schema_migrations".* FROM "schema_migrations"
  [1m[36m (138.5ms)[0m  [1mCREATE TABLE "schema_migrations" ("version" varchar(255) NOT NULL) [0m
  [1m[35m (111.3ms)[0m  CREATE UNIQUE INDEX "unique_schema_migrations" ON "schema_migrations" ("version")
  [1m[36mActiveRecord::SchemaMigration Load (0.4ms)[0m  [1mSELECT "schema_migrations".* FROM "schema_migrations"[0m
Migrating to CreateUsers (20140306055518)
  [1m[35m (0.2ms)[0m  begin transaction
  [1m[36m (0.8ms)[0m  [1mCREATE TABLE "users" ("id" INTEGER PRIMARY KEY AUTOINCREMENT NOT NULL, "birthday" date, "created_at" datetime, "updated_at" datetime) [0m
  [1m[35mSQL (0.4ms)[0m  INSERT INTO "schema_migrations" ("version") VALUES (?)  [["version", "20140306055518"]]
  [1m[36m (125.7ms)[0m  [1mcommit transaction[0m
  [1m[35mActiveRecord::SchemaMigration Load (0.3ms)[0m  SELECT "schema_migrations".* FROM "schema_migrations"
  [1m[36mActiveRecord::SchemaMigration Load (0.4ms)[0m  [1mSELECT "schema_migrations".* FROM "schema_migrations"[0m
  [1m[35mActiveRecord::SchemaMigration Load (0.2ms)[0m  SELECT "schema_migrations".* FROM "schema_migrations"
  [1m[36mActiveRecord::SchemaMigration Load (0.3ms)[0m  [1mSELECT "schema_migrations".* FROM "schema_migrations"[0m
  [1m[35mActiveRecord::SchemaMigration Load (0.2ms)[0m  SELECT "schema_migrations".* FROM "schema_migrations"
  [1m[36mActiveRecord::SchemaMigration Load (0.2ms)[0m  [1mSELECT "schema_migrations".* FROM "schema_migrations"[0m
Migrating to CreateUsers (20140306055518)
  [1m[35m (0.2ms)[0m  begin transaction
  [1m[36m (0.6ms)[0m  [1mDROP TABLE "users"[0m
  [1m[35mSQL (0.3ms)[0m  DELETE FROM "schema_migrations" WHERE "schema_migrations"."version" = '20140306055518'
  [1m[36m (123.4ms)[0m  [1mcommit transaction[0m
  [1m[35mActiveRecord::SchemaMigration Load (0.3ms)[0m  SELECT "schema_migrations".* FROM "schema_migrations"
  [1m[36mActiveRecord::SchemaMigration Load (0.2ms)[0m  [1mSELECT "schema_migrations".* FROM "schema_migrations"[0m
Migrating to CreateUsers (20140306055518)
  [1m[35m (0.2ms)[0m  begin transaction
  [1m[36m (0.7ms)[0m  [1mCREATE TABLE "users" ("id" INTEGER PRIMARY KEY AUTOINCREMENT NOT NULL, "birthday" varchar(255), "created_at" datetime, "updated_at" datetime) [0m
  [1m[35mSQL (0.4ms)[0m  INSERT INTO "schema_migrations" ("version") VALUES (?)  [["version", "20140306055518"]]
  [1m[36m (293.5ms)[0m  [1mcommit transaction[0m
  [1m[35mActiveRecord::SchemaMigration Load (0.3ms)[0m  SELECT "schema_migrations".* FROM "schema_migrations"
  [1m[36m (0.2ms)[0m  [1mbegin transaction[0m
  [1m[35m (0.2ms)[0m  rollback transaction
  [1m[36m (0.3ms)[0m  [1mbegin transaction[0m
  [1m[35mSQL (67.9ms)[0m  INSERT INTO "users" ("birthday", "created_at", "updated_at") VALUES (?, ?, ?)  [["birthday", "01.11.1978"], ["created_at", Fri, 07 Mar 2014 07:24:25 UTC +00:00], ["updated_at", Fri, 07 Mar 2014 07:24:25 UTC +00:00]]
  [1m[36m (132.5ms)[0m  [1mcommit transaction[0m
  [1m[35m (0.2ms)[0m  begin transaction
  [1m[36mSQL (0.6ms)[0m  [1mDELETE FROM "users" WHERE "users"."id" = ?[0m  [["id", 1]]
  [1m[35m (174.5ms)[0m  commit transaction
  [1m[36m (0.2ms)[0m  [1mbegin transaction[0m
  [1m[35mSQL (5.3ms)[0m  INSERT INTO "users" ("birthday", "created_at", "updated_at") VALUES (?, ?, ?)  [["birthday", "11/01/1998"], ["created_at", Fri, 07 Mar 2014 07:58:43 UTC +00:00], ["updated_at", Fri, 07 Mar 2014 07:58:43 UTC +00:00]]
  [1m[36m (135.8ms)[0m  [1mcommit transaction[0m
  [1m[35mUser Load (0.6ms)[0m  SELECT "users".* FROM "users" WHERE "users"."id" = ? LIMIT 1  [["id", 2]]
  [1m[36mUser Load (1.9ms)[0m  [1mSELECT "users".* FROM "users"[0m
  [1m[35m (0.2ms)[0m  begin transaction
  [1m[36mSQL (2.8ms)[0m  [1mDELETE FROM "users" WHERE "users"."id" = ?[0m  [["id", 2]]
  [1m[35m (124.3ms)[0m  commit transaction
  [1m[36m (0.2ms)[0m  [1mbegin transaction[0m
  [1m[35mSQL (2.4ms)[0m  INSERT INTO "users" ("birthday", "created_at", "updated_at") VALUES (?, ?, ?)  [["birthday", "1998-01-11"], ["created_at", Fri, 07 Mar 2014 08:13:46 UTC +00:00], ["updated_at", Fri, 07 Mar 2014 08:13:46 UTC +00:00]]
  [1m[36m (131.6ms)[0m  [1mcommit transaction[0m
  [1m[36m (0.2ms)[0m  [1mSELECT COUNT(*) FROM "users"[0m
  [1m[35mUser Load (0.5ms)[0m  SELECT "users".* FROM "users" ORDER BY "users"."id" ASC LIMIT 1
  [1m[36mUser Load (0.4ms)[0m  [1mSELECT "users".* FROM "users"[0m
  [1m[35m (0.2ms)[0m  begin transaction
  [1m[36mSQL (2.7ms)[0m  [1mDELETE FROM "users" WHERE "users"."id" = ?[0m  [["id", 3]]
  [1m[35m (286.8ms)[0m  commit transaction
